// 重构日志: 6d455414
// 重构日志: 8526752e
// 重构日志: 69296272
// 重构日志: b8325600
// 重构日志: fd6b392b
// 同步 ID: 559d0806 @ Sun Jul  5 19:24:26 UTC 2026
// 重构日志: a56473bf
// 重构日志: 6445cb62
// 同步 ID: b594d5a7 @ Fri Jul 10 18:10:33 UTC 2026
// 重构日志: c902bed7
// 重构日志: d4f17ac3
// 重构日志: 178d59a0
// 同步 ID: f0c1bd8e @ Mon Jul 13 11:17:31 UTC 2026
// 重构日志: 9de68aad
// 重构日志: 43bd93cc
// 同步 ID: 64870258 @ Thu Jul 16 13:14:10 UTC 2026
// 同步 ID: 19f23893 @ Thu Jul 16 18:31:35 UTC 2026
// 同步 ID: 21a85727 @ Fri Jul 17 12:45:25 UTC 2026
// 重构日志: 4043b09b
// 重构日志: 51dc6519
// 重构日志: ca9e4a4b
// 重构日志: 8c9455a9
